[0.007s] Invoking command in '/home/parallels/rod_ws/src/ROD/scara_moveit/build/scara_moveit': CMAKE_PREFIX_PATH=${CMAKE_PREFIX_PATH}:/opt/ros/jazzy DEBUGINFOD_URLS=https://debuginfod.ubuntu.com /usr/bin/cmake /home/parallels/rod_ws/src/ROD/scara_moveit -DCMAKE_INSTALL_PREFIX=/home/parallels/rod_ws/src/ROD/scara_moveit/install/scara_moveit
[0.040s] -- The C compiler identification is GNU 13.3.0
[0.071s] -- The CXX compiler identification is GNU 13.3.0
[0.078s] -- Detecting C compiler ABI info
[0.126s] -- Detecting C compiler ABI info - done
[0.131s] -- Check for working C compiler: /usr/bin/cc - skipped
[0.131s] -- Detecting C compile features
[0.131s] -- Detecting C compile features - done
[0.135s] -- Detecting CXX compiler ABI info
[0.182s] -- Detecting CXX compiler ABI info - done
[0.187s] -- Check for working CXX compiler: /usr/bin/c++ - skipped
[0.187s] -- Detecting CXX compile features
[0.187s] -- Detecting CXX compile features - done
[0.190s] -- Found ament_cmake: 2.5.6 (/opt/ros/jazzy/share/ament_cmake/cmake)
[0.264s] -- Found Python3: /usr/bin/python3 (found version "3.12.3") found components: Interpreter 
[0.366s] -- Configuring done (0.4s)
[0.367s] -- Generating done (0.0s)
[0.368s] -- Build files have been written to: /home/parallels/rod_ws/src/ROD/scara_moveit/build/scara_moveit
[0.371s] Invoked command in '/home/parallels/rod_ws/src/ROD/scara_moveit/build/scara_moveit' returned '0': CMAKE_PREFIX_PATH=${CMAKE_PREFIX_PATH}:/opt/ros/jazzy DEBUGINFOD_URLS=https://debuginfod.ubuntu.com /usr/bin/cmake /home/parallels/rod_ws/src/ROD/scara_moveit -DCMAKE_INSTALL_PREFIX=/home/parallels/rod_ws/src/ROD/scara_moveit/install/scara_moveit
[0.371s] Invoking command in '/home/parallels/rod_ws/src/ROD/scara_moveit/build/scara_moveit': CMAKE_PREFIX_PATH=${CMAKE_PREFIX_PATH}:/opt/ros/jazzy DEBUGINFOD_URLS=https://debuginfod.ubuntu.com /usr/bin/cmake --build /home/parallels/rod_ws/src/ROD/scara_moveit/build/scara_moveit -- -j8 -l8
[0.391s] Invoked command in '/home/parallels/rod_ws/src/ROD/scara_moveit/build/scara_moveit' returned '0': CMAKE_PREFIX_PATH=${CMAKE_PREFIX_PATH}:/opt/ros/jazzy DEBUGINFOD_URLS=https://debuginfod.ubuntu.com /usr/bin/cmake --build /home/parallels/rod_ws/src/ROD/scara_moveit/build/scara_moveit -- -j8 -l8
[0.396s] Invoking command in '/home/parallels/rod_ws/src/ROD/scara_moveit/build/scara_moveit': CMAKE_PREFIX_PATH=${CMAKE_PREFIX_PATH}:/opt/ros/jazzy DEBUGINFOD_URLS=https://debuginfod.ubuntu.com /usr/bin/cmake --install /home/parallels/rod_ws/src/ROD/scara_moveit/build/scara_moveit
[0.400s] -- Install configuration: ""
[0.400s] -- Installing: /home/parallels/rod_ws/src/ROD/scara_moveit/install/scara_moveit/share/ament_index/resource_index/package_run_dependencies/scara_moveit
[0.400s] -- Installing: /home/parallels/rod_ws/src/ROD/scara_moveit/install/scara_moveit/share/ament_index/resource_index/parent_prefix_path/scara_moveit
[0.400s] -- Installing: /home/parallels/rod_ws/src/ROD/scara_moveit/install/scara_moveit/share/scara_moveit/environment/ament_prefix_path.sh
[0.400s] -- Installing: /home/parallels/rod_ws/src/ROD/scara_moveit/install/scara_moveit/share/scara_moveit/environment/ament_prefix_path.dsv
[0.401s] -- Installing: /home/parallels/rod_ws/src/ROD/scara_moveit/install/scara_moveit/share/scara_moveit/environment/path.sh
[0.401s] -- Installing: /home/parallels/rod_ws/src/ROD/scara_moveit/install/scara_moveit/share/scara_moveit/environment/path.dsv
[0.401s] -- Installing: /home/parallels/rod_ws/src/ROD/scara_moveit/install/scara_moveit/share/scara_moveit/local_setup.bash
[0.401s] -- Installing: /home/parallels/rod_ws/src/ROD/scara_moveit/install/scara_moveit/share/scara_moveit/local_setup.sh
[0.401s] -- Installing: /home/parallels/rod_ws/src/ROD/scara_moveit/install/scara_moveit/share/scara_moveit/local_setup.zsh
[0.401s] -- Installing: /home/parallels/rod_ws/src/ROD/scara_moveit/install/scara_moveit/share/scara_moveit/local_setup.dsv
[0.401s] -- Installing: /home/parallels/rod_ws/src/ROD/scara_moveit/install/scara_moveit/share/scara_moveit/package.dsv
[0.401s] -- Installing: /home/parallels/rod_ws/src/ROD/scara_moveit/install/scara_moveit/share/ament_index/resource_index/packages/scara_moveit
[0.401s] -- Installing: /home/parallels/rod_ws/src/ROD/scara_moveit/install/scara_moveit/share/scara_moveit/cmake/scara_moveitConfig.cmake
[0.401s] -- Installing: /home/parallels/rod_ws/src/ROD/scara_moveit/install/scara_moveit/share/scara_moveit/cmake/scara_moveitConfig-version.cmake
[0.401s] -- Installing: /home/parallels/rod_ws/src/ROD/scara_moveit/install/scara_moveit/share/scara_moveit/package.xml
[0.401s] -- Installing: /home/parallels/rod_ws/src/ROD/scara_moveit/install/scara_moveit/share/scara_moveit/launch
[0.401s] -- Installing: /home/parallels/rod_ws/src/ROD/scara_moveit/install/scara_moveit/share/scara_moveit/launch/rsp.launch.py
[0.402s] -- Installing: /home/parallels/rod_ws/src/ROD/scara_moveit/install/scara_moveit/share/scara_moveit/launch/demo.launch.py
[0.402s] -- Installing: /home/parallels/rod_ws/src/ROD/scara_moveit/install/scara_moveit/share/scara_moveit/launch/spawn_controllers.launch.py
[0.402s] -- Installing: /home/parallels/rod_ws/src/ROD/scara_moveit/install/scara_moveit/share/scara_moveit/launch/static_virtual_joint_tfs.launch.py
[0.402s] -- Installing: /home/parallels/rod_ws/src/ROD/scara_moveit/install/scara_moveit/share/scara_moveit/launch/move_group.launch.py
[0.403s] -- Installing: /home/parallels/rod_ws/src/ROD/scara_moveit/install/scara_moveit/share/scara_moveit/launch/warehouse_db.launch.py
[0.403s] -- Installing: /home/parallels/rod_ws/src/ROD/scara_moveit/install/scara_moveit/share/scara_moveit/launch/setup_assistant.launch.py
[0.403s] -- Installing: /home/parallels/rod_ws/src/ROD/scara_moveit/install/scara_moveit/share/scara_moveit/launch/moveit_rviz.launch.py
[0.403s] -- Installing: /home/parallels/rod_ws/src/ROD/scara_moveit/install/scara_moveit/share/scara_moveit/config
[0.403s] -- Installing: /home/parallels/rod_ws/src/ROD/scara_moveit/install/scara_moveit/share/scara_moveit/config/initial_positions.yaml
[0.403s] -- Installing: /home/parallels/rod_ws/src/ROD/scara_moveit/install/scara_moveit/share/scara_moveit/config/moveit_controllers.yaml
[0.403s] -- Installing: /home/parallels/rod_ws/src/ROD/scara_moveit/install/scara_moveit/share/scara_moveit/config/moveit.rviz
[0.403s] -- Installing: /home/parallels/rod_ws/src/ROD/scara_moveit/install/scara_moveit/share/scara_moveit/config/pilz_cartesian_limits.yaml
[0.405s] -- Installing: /home/parallels/rod_ws/src/ROD/scara_moveit/install/scara_moveit/share/scara_moveit/config/joint_limits.yaml
[0.405s] -- Installing: /home/parallels/rod_ws/src/ROD/scara_moveit/install/scara_moveit/share/scara_moveit/config/scara.urdf.xacro
[0.405s] -- Installing: /home/parallels/rod_ws/src/ROD/scara_moveit/install/scara_moveit/share/scara_moveit/config/scara.ros2_control.xacro
[0.405s] -- Installing: /home/parallels/rod_ws/src/ROD/scara_moveit/install/scara_moveit/share/scara_moveit/config/kinematics.yaml
[0.405s] -- Installing: /home/parallels/rod_ws/src/ROD/scara_moveit/install/scara_moveit/share/scara_moveit/config/scara.srdf
[0.405s] -- Installing: /home/parallels/rod_ws/src/ROD/scara_moveit/install/scara_moveit/share/scara_moveit/.setup_assistant
[0.406s] Invoked command in '/home/parallels/rod_ws/src/ROD/scara_moveit/build/scara_moveit' returned '0': CMAKE_PREFIX_PATH=${CMAKE_PREFIX_PATH}:/opt/ros/jazzy DEBUGINFOD_URLS=https://debuginfod.ubuntu.com /usr/bin/cmake --install /home/parallels/rod_ws/src/ROD/scara_moveit/build/scara_moveit
